[2026-01-08 12:00:08] local.INFO: 🏁 Starting SendDailyAbsentAlerts command.  
⏳ Checking conditions for absent alerts...
⚠️  Current time (12:00) is before cutoff (16:55:00). Skipping.
[2026-01-08 12:00:09] local.INFO: Fetching data from ETimeOffice API {"from_date":"08/01/2026_00:00","to_date":"08/01/2026_23:59","api_url":"https://api.etimeoffice.com/api"} 
[2026-01-08 12:00:09] local.INFO: Raw ETimeOffice API Response {"response_body":"{\"Error\":false,\"Msg\":\"Success\",\"IsAdmin\":true,\"PunchData\":[]}","content_type":"application/json; charset=utf-8","response_size":61} 
[2026-01-08 12:00:09] local.INFO: ETimeOffice API Response Analysis {"raw_response_type":"array","is_array":true,"api_data_keys":["Error","Msg","IsAdmin","PunchData"],"punch_data_type":"array","punch_data_count":0,"punch_data_is_empty":true,"first_record_exists":false,"first_record_sample":null,"first_record_keys":"no_keys"} 
[2026-01-08 12:00:09] local.INFO: Auto-sync completed {"range":"today","test_mode":false,"result":{"success":true,"message":"No attendance data found for the specified date range","data":{"total_records":0,"processed_records":0,"created_records":0,"updated_records":0,"skipped_records":0,"errors":[],"debug_info":{"api_response_structure":["Error","Msg","IsAdmin","PunchData"],"punch_data_type":"array","response_sample":{"Error":false,"Msg":"Success"}},"date_range":{"start":"2026-01-08 00:00:00","end":"2026-01-08 23:59:59"},"test_mode":false}}} 
[2026-01-08 15:00:07] local.INFO: 🏁 Starting SendDailyAbsentAlerts command.  
⏳ Checking conditions for absent alerts...
⚠️  Current time (15:00) is before cutoff (16:55:00). Skipping.
[2026-01-08 15:00:08] local.INFO: Fetching data from ETimeOffice API {"from_date":"08/01/2026_00:00","to_date":"08/01/2026_23:59","api_url":"https://api.etimeoffice.com/api"} 
[2026-01-08 15:00:08] local.INFO: Raw ETimeOffice API Response {"response_body":"{\"Error\":false,\"Msg\":\"Success\",\"IsAdmin\":true,\"PunchData\":[]}","content_type":"application/json; charset=utf-8","response_size":61} 
[2026-01-08 15:00:08] local.INFO: ETimeOffice API Response Analysis {"raw_response_type":"array","is_array":true,"api_data_keys":["Error","Msg","IsAdmin","PunchData"],"punch_data_type":"array","punch_data_count":0,"punch_data_is_empty":true,"first_record_exists":false,"first_record_sample":null,"first_record_keys":"no_keys"} 
[2026-01-08 15:00:08] local.INFO: Auto-sync completed {"range":"today","test_mode":false,"result":{"success":true,"message":"No attendance data found for the specified date range","data":{"total_records":0,"processed_records":0,"created_records":0,"updated_records":0,"skipped_records":0,"errors":[],"debug_info":{"api_response_structure":["Error","Msg","IsAdmin","PunchData"],"punch_data_type":"array","response_sample":{"Error":false,"Msg":"Success"}},"date_range":{"start":"2026-01-08 00:00:00","end":"2026-01-08 23:59:59"},"test_mode":false}}} 
[2026-01-08 16:10:15] local.INFO: Fetching data from ETimeOffice API {"from_date":"08/01/2026_00:00","to_date":"08/01/2026_23:59","api_url":"https://api.etimeoffice.com/api"} 
[2026-01-08 16:10:15] local.INFO: Raw ETimeOffice API Response {"response_body":"{\"Error\":false,\"Msg\":\"Success\",\"IsAdmin\":true,\"PunchData\":[{\"Name\":\"Manne Venugopal\",\"Empcode\":\"2011\",\"PunchDate\":\"08/01/2026 16:10:00\",\"M_Flag\":null},{\"Name\":\"Shaik Awaad\",\"Empcode\":\"2079\",\"PunchDate\":\"08/01/2026 16:10:00\",\"M_Flag\":null},{\"Name\":\"Bodanam Goutham\",\"Empcode\":\"3006\",\"PunchDate\":\"08/01/2026 16:10:00\",\"M_Flag\":null},{\"Name\":\"Akula Sai Madhava\",\"Empcode\":\"1082\",\"PunchDate\":\"08/01/2026 16:09:00\",\"M_Flag\":null},{\"Name\":\"Jangama Bhanu kumar\",\"Empcode\":\"2041\",\"PunchDate\":\"08/01/2026 16:09:00\",\"M_Flag\":null},{\"Name\":\"Sinde Guruprasad\",\"Empcode\":\"3013\",\"PunchDate\":\"08/01/2026 16:09:00\",\"M_Flag\":null},{\"Name\":\"Nunavath Thirupathi\",\"Empcode\":\"3011\",\"PunchDate\":\"08/01/2026 16:09:00\",\"M_Flag\":null},{\"Name\":\"Ergatla Bunny\",\"Empcode\":\"2116\",\"PunchDate\":\"08/01/2026 16:08:00\",\"M_Flag\":null},{\"Name\":\"Kothoor Sravan\",\"Empcode\":\"2049\",\"PunchDate\":\"08/01/2026 16:08:00\",\"M_Flag\":null},{\"Name\":\"Aarni Raghunathbaba\",\"Empcode\":\"2110\",\"PunchDate\":\"08/01/2026 16:08:00\",\"M_Flag\":null},{\"Name\":\"Devoji Devidas\",\"Empcode\":\"3004\",\"PunchDate\":\"08/01/2026 16:08:00\",\"M_Flag\":null},{\"Name\":\"Manthana Saikiran\",\"Empcode\":\"2008\",\"PunchDate\":\"08/01/2026 16:08:00\",\"M_Flag\":null},{\"Name\":\"Sonna Ashwin\",\"Empcode\":\"2081\",\"PunchDate\":\"08/01/2026 16:08:00\",\"M_Flag\":null},{\"Name\":\"Junjuru vinodkumar\",\"Empcode\":\"2031\",\"PunchDate\":\"08/01/2026 16:08:00\",\"M_Flag\":null},{\"Name\":\"Gongati Nanda kishor\",\"Empcode\":\"3005\",\"PunchDate\":\"08/01/2026 16:08:00\",\"M_Flag\":null},{\"Name\":\"Allem Vishal\",\"Empcode\":\"2101\",\"PunchDate\":\"08/01/2026 16:07:00\",\"M_Flag\":null},{\"Name\":\"Gopari Saikumar\",\"Empcode\":\"2127\",\"PunchDate\":\"08/01/2026 16:07:00\",\"M_Flag\":null},{\"Name\":\"Mohammad.Akief\",\"Empcode\":\"2107\",\"PunchDate\":\"08/01/2026 16:07:00\",\"M_Flag\":null},{\"Name\":\"Koka Karthik\",\"Empcode\":\"1069\",\"PunchDate\":\"08/01/2026 16:06:00\",\"M_Flag\":null},{\"Name\":\"Nanchari Santhosh\",\"Empcode\":\"2118\",\"PunchDate\":\"08/01/2026 16:05:00\",\"M_Flag\":null},{\"Name\":\"Marampally Prashanth\",\"Empcode\":\"2063\",\"PunchDate\":\"08/01/2026 16:05:00\",\"M_Flag\":null},{\"Name\":\"Velmal Maheshwar\",\"Empcode\":\"2062\",\"PunchDate\":\"08/01/2026 16:04:00\",\"M_Flag\":null},{\"Name\":\"Bendu Arun\",\"Empcode\":\"2024\",\"PunchDate\":\"08/01/2026 16:04:00\",\"M_Flag\":null},{\"Name\":\"Neeradi Sumanth\",\"Empcode\":\"2095\",\"PunchDate\":\"08/01/2026 16:03:00\",\"M_Flag\":null},{\"Name\":\"Tammala Ashish\",\"Empcode\":\"2037\",\"PunchDate\":\"08/01/2026 16:03:00\",\"M_Flag\":null},{\"Name\":\"Ambati Nikhil\",\"Empcode\":\"4003\",\"PunchDate\":\"08/01/2026 16:03:00\",\"M_Flag\":null},{\"Name\":\"Vanaparthi Rakesh\",\"Empcode\":\"3021\",\"PunchDate\":\"08/01/2026 16:03:00\",\"M_Flag\":null},{\"Name\":\"Mood Veerendhar\",\"Empcode\":\"3029\",\"PunchDate\":\"08/01/2026 16:03:00\",\"M_Flag\":null},{\"Name\":\"Kotturi Rishikesh\",\"Empcode\":\"2068\",\"PunchDate\":\"08/01/2026 16:03:00\",\"M_Flag\":null},{\"Name\":\"Koppu Manikanta\",\"Empcode\":\"3031\",\"PunchDate\":\"08/01/2026 16:02:00\",\"M_Flag\":null},{\"Name\":\"Koka Karthik\",\"Empcode\":\"1069\",\"PunchDate\":\"08/01/2026 16:02:00\",\"M_Flag\":null},{\"Name\":\"Kundali Khristopher\",\"Empcode\":\"2121\",\"PunchDate\":\"08/01/2026 16:02:00\",\"M_Flag\":null},{\"Name\":\"Manthani Akshithreddy\",\"Empcode\":\"3024\",\"PunchDate\":\"08/01/2026 16:02:00\",\"M_Flag\":null},{\"Name\":\"Boddu Vishnuvardhan\",\"Empcode\":\"2128\",\"PunchDate\":\"08/01/2026 16:01:00\",\"M_Flag\":null},{\"Name\":\"Pulluri Eswar\",\"Empcode\":\"2030\",\"PunchDate\":\"08/01/2026 16:01:00\",\"M_Flag\":null},{\"Name\":\"Tekurthi Nithish\",\"Empcode\":\"2111\",\"PunchDate\":\"08/01/2026 16:01:00\",\"M_Flag\":null},{\"Name\":\"Thammiseti Ajay\",\"Empcode\":\"2117\",\"PunchDate\":\"08/01/2026 16:01:00\",\"M_Flag\":null},{\"Name\":\"Ravula Sharavan kumar\",\"Empcode\":\"4001\",\"PunchDate\":\"08/01/2026 16:00:00\",\"M_Flag\":null},{\"Name\":\"Arigela Koushik Goud\",\"Empcode\":\"2032\",\"PunchDate\":\"08/01/2026 16:00:00\",\"M_Flag\":null},{\"Name\":\"Kankanala Ganesh\",\"Empcode\":\"2080\",\"PunchDate\":\"08/01/2026 16:00:00\",\"M_Flag\":null},{\"Name\":\"Pothuganti Karthik\",\"Empcode\":\"2039\",\"PunchDate\":\"08/01/2026 16:00:00\",\"M_Flag\":null},{\"Name\":\"Siddapuram Naveen kumar\",\"Empcode\":\"2021\",\"PunchDate\":\"08/01/2026 16:00:00\",\"M_Flag\":null},{\"Name\":\"Pulla Yashwanth\",\"Empcode\":\"2026\",\"PunchDate\":\"08/01/2026 16:00:00\",\"M_Flag\":null},{\"Name\":\"Empname2136\",\"Empcode\":\"2136\",\"PunchDate\":\"08/01/2026 15:59:00\",\"M_Flag\":null},{\"Name\":\"Bangi Dilip Kumar\",\"Empcode\":\"2017\",\"PunchDate\":\"08/01/2026 15:59:00\",\"M_Flag\":null},{\"Name\":\"Tati Vikas Kumar\",\"Empcode\":\"2035\",\"PunchDate\":\"08/01/2026 15:59:00\",\"M_Flag\":null},{\"Name\":\"Bitla Rohith\",\"Empcode\":\"2078\",\"PunchDate\":\"08/01/2026 15:59:00\",\"M_Flag\":null},{\"Name\":\"Arigela Sathwik\",\"Empcode\":\"3018\",\"PunchDate\":\"08/01/2026 15:59:00\",\"M_Flag\":null},{\"Name\":\"Parvathi Manikanth Goud\",\"Empcode\":\"2070\",\"PunchDate\":\"08/01/2026 15:59:00\",\"M_Flag\":null},{\"Name\":\"Sankroj Bharath\",\"Empcode\":\"2034\",\"PunchDate\":\"08/01/2026 15:59:00\",\"M_Flag\":null},{\"Name\":\"Gadila Ramcharan\",\"Empcode\":\"2103\",\"PunchDate\":\"08/01/2026 15:58:00\",\"M_Flag\":null},{\"Name\":\"Thoparam Sai kumar\",\"Empcode\":\"25132\",\"PunchDate\":\"08/01/2026 15:58:00\",\"M_Flag\":null},{\"Name\":\"Abdul Imran\",\"Empcode\":\"2119\",\"PunchDate\":\"08/01/2026 15:58:00\",\"M_Flag\":null},{\"Name\":\"Komanpally Goutham\",\"Empcode\":\"2075\",\"PunchDate\":\"08/01/2026 15:58:00\",\"M_Flag\":null},{\"Name\":\"Dyagari Aravind reddy\",\"Empcode\":\"2094\",\"PunchDate\":\"08/01/2026 15:58:00\",\"M_Flag\":null},{\"Name\":\"Munthamalla Abhilash\",\"Empcode\":\"2129\",\"PunchDate\":\"08/01/2026 15:58:00\",\"M_Flag\":null},{\"Name\":\"Jangam Vignesh\",\"Empcode\":\"2007\",\"PunchDate\":\"08/01/2026 15:58:00\",\"M_Flag\":null},{\"Name\":\"Baikan Rithvik\",\"Empcode\":\"2093\",\"PunchDate\":\"08/01/2026 15:57:00\",\"M_Flag\":null},{\"Name\":\"Badawath Aravind\",\"Empcode\":\"2005\",\"PunchDate\":\"08/01/2026 15:57:00\",\"M_Flag\":null},{\"Name\":\"Gopari Saikumar\",\"Empcode\":\"2127\",\"PunchDate\":\"08/01/2026 15:57:00\",\"M_Flag\":null},{\"Name\":\"Kothupalli Akash\",\"Empcode\":\"2072\",\"PunchDate\":\"08/01/2026 15:56:00\",\"M_Flag\":null},{\"Name\":\"Vennela Anirudh reddy\",\"Empcode\":\"2059\",\"PunchDate\":\"08/01/2026 15:56:00\",\"M_Flag\":null},{\"Name\":\"Boidi Saiharsha\",\"Empcode\":\"3025\",\"PunchDate\":\"08/01/2026 15:51:00\",\"M_Flag\":null},{\"Name\":\"Syed Aman\",\"Empcode\":\"2047\",\"PunchDate\":\"08/01/2026 15:50:00\",\"M_Flag\":null},{\"Name\":\"Sooram Vishal\",\"Empcode\":\"3003\",\"PunchDate\":\"08/01/2026 15:49:00\",\"M_Flag\":null},{\"Name\":\"Vanaparthi Rakesh\",\"Empcode\":\"3021\",\"PunchDate\":\"08/01/2026 15:49:00\",\"M_Flag\":null},{\"Name\":\"Ashila Manoj\",\"Empcode\":\"3022\",\"PunchDate\":\"08/01/2026 15:49:00\",\"M_Flag\":null},{\"Name\":\"Boidi Ramu\",\"Empcode\":\"3033\",\"PunchDate\":\"08/01/2026 15:49:00\",\"M_Flag\":null},{\"Name\":\"Shaik Sajith\",\"Empcode\":\"2048\",\"PunchDate\":\"08/01/2026 15:49:00\",\"M_Flag\":null},{\"Name\":\"Kurma Neeraj\",\"Empcode\":\"3001\",\"PunchDate\":\"08/01/2026 15:49:00\",\"M_Flag\":null},{\"Name\":\"Mood Veerendhar\",\"Empcode\":\"3029\",\"PunchDate\":\"08/01/2026 15:48:00\",\"M_Flag\":null},{\"Name\":\"Gunje Srinivas\",\"Empcode\":\"3023\",\"PunchDate\":\"08/01/2026 15:48:00\",\"M_Flag\":null}]}","content_type":"application/json; charset=utf-8","response_size":6732} 
[2026-01-08 16:10:15] local.INFO: ETimeOffice API Response Analysis {"raw_response_type":"array","is_array":true,"api_data_keys":["Error","Msg","IsAdmin","PunchData"],"punch_data_type":"array","punch_data_count":72,"punch_data_is_empty":false,"first_record_exists":true,"first_record_sample":{"Name":"Manne Venugopal","Empcode":"2011","PunchDate":"08/01/2026 16:10:00","M_Flag":null},"first_record_keys":["Name","Empcode","PunchDate","M_Flag"]} 
[2026-01-08 16:10:15] local.INFO: Processing ETimeOffice punch data {"total_records":72,"sample_record":{"Name":"Manne Venugopal","Empcode":"2011","PunchDate":"08/01/2026 16:10:00","M_Flag":null}} 
[2026-01-08 16:10:15] local.INFO: Processing record 0 {"empcode":"2011","name":"Manne Venugopal","punch_date":"08/01/2026 16:10:00","manual_flag":null,"available_keys":["Name","Empcode","PunchDate","M_Flag"]} 
[2026-01-08 16:10:15] local.INFO: Created attendance record {"student_name":"Manne Venugopal","employee_code":"2011","date":"2026-01-08","punch_time":"16:10:00","status":"present","late_minutes":-370.0} 
[2026-01-08 16:10:15] local.INFO: Processing record 1 {"empcode":"2079","name":"Shaik Awaad","punch_date":"08/01/2026 16:10:00","manual_flag":null,"available_keys":["Name","Empcode","PunchDate","M_Flag"]} 
[2026-01-08 16:10:15] local.INFO: Created attendance record {"student_name":"Shaik Awaad","employee_code":"2079","date":"2026-01-08","punch_time":"16:10:00","status":"present","late_minutes":-370.0} 
[2026-01-08 16:10:15] local.INFO: Processing record 2 {"empcode":"3006","name":"Bodanam Goutham","punch_date":"08/01/2026 16:10:00","manual_flag":null,"available_keys":["Name","Empcode","PunchDate","M_Flag"]} 
[2026-01-08 16:10:15] local.INFO: Created attendance record {"student_name":"Bodhanam Goutham","employee_code":"3006","date":"2026-01-08","punch_time":"16:10:00","status":"present","late_minutes":-370.0} 
[2026-01-08 16:10:15] local.INFO: Processing record 3 {"empcode":"1082","name":"Akula Sai Madhava","punch_date":"08/01/2026 16:09:00","manual_flag":null,"available_keys":["Name","Empcode","PunchDate","M_Flag"]} 
[2026-01-08 16:10:15] local.INFO: Created attendance record {"student_name":"Akula Sai Madhava","employee_code":"1082","date":"2026-01-08","punch_time":"16:09:00","status":"present","late_minutes":-369.0} 
[2026-01-08 16:10:15] local.INFO: Processing record 4 {"empcode":"2041","name":"Jangama Bhanu kumar","punch_date":"08/01/2026 16:09:00","manual_flag":null,"available_keys":["Name","Empcode","PunchDate","M_Flag"]} 
[2026-01-08 16:10:15] local.INFO: Created attendance record {"student_name":"Jangama Bhanu kumar","employee_code":"2041","date":"2026-01-08","punch_time":"16:09:00","status":"present","late_minutes":-369.0} 
[2026-01-08 16:10:15] local.INFO: Processing record 5 {"empcode":"3013","name":"Sinde Guruprasad","punch_date":"08/01/2026 16:09:00","manual_flag":null,"available_keys":["Name","Empcode","PunchDate","M_Flag"]} 
[2026-01-08 16:10:15] local.INFO: Created attendance record {"student_name":"Sinde Guruprasad","employee_code":"3013","date":"2026-01-08","punch_time":"16:09:00","status":"present","late_minutes":-369.0} 
[2026-01-08 16:10:15] local.INFO: Processing record 6 {"empcode":"3011","name":"Nunavath Thirupathi","punch_date":"08/01/2026 16:09:00","manual_flag":null,"available_keys":["Name","Empcode","PunchDate","M_Flag"]} 
[2026-01-08 16:10:15] local.INFO: Created attendance record {"student_name":"Nunavath Thirupathi","employee_code":"3011","date":"2026-01-08","punch_time":"16:09:00","status":"present","late_minutes":-369.0} 
[2026-01-08 16:10:15] local.INFO: Processing record 7 {"empcode":"2116","name":"Ergatla Bunny","punch_date":"08/01/2026 16:08:00","manual_flag":null,"available_keys":["Name","Empcode","PunchDate","M_Flag"]} 
[2026-01-08 16:10:15] local.INFO: Created attendance record {"student_name":"Ergatla Bunny","employee_code":"2116","date":"2026-01-08","punch_time":"16:08:00","status":"present","late_minutes":-368.0} 
[2026-01-08 16:10:15] local.INFO: Processing record 8 {"empcode":"2049","name":"Kothoor Sravan","punch_date":"08/01/2026 16:08:00","manual_flag":null,"available_keys":["Name","Empcode","PunchDate","M_Flag"]} 
[2026-01-08 16:10:15] local.INFO: Created attendance record {"student_name":"Kothoor Sravan","employee_code":"2049","date":"2026-01-08","punch_time":"16:08:00","status":"present","late_minutes":-368.0} 
[2026-01-08 16:10:15] local.INFO: Processing record 9 {"empcode":"2110","name":"Aarni Raghunathbaba","punch_date":"08/01/2026 16:08:00","manual_flag":null,"available_keys":["Name","Empcode","PunchDate","M_Flag"]} 
[2026-01-08 16:10:15] local.INFO: Created attendance record {"student_name":"Aarni Raghunathbaba","employee_code":"2110","date":"2026-01-08","punch_time":"16:08:00","status":"present","late_minutes":-368.0} 
[2026-01-08 16:10:15] local.INFO: Processing record 10 {"empcode":"3004","name":"Devoji Devidas","punch_date":"08/01/2026 16:08:00","manual_flag":null,"available_keys":["Name","Empcode","PunchDate","M_Flag"]} 
[2026-01-08 16:10:15] local.INFO: Created attendance record {"student_name":"Devoji Devidas","employee_code":"3004","date":"2026-01-08","punch_time":"16:08:00","status":"present","late_minutes":-368.0} 
[2026-01-08 16:10:15] local.INFO: Processing record 11 {"empcode":"2008","name":"Manthana Saikiran","punch_date":"08/01/2026 16:08:00","manual_flag":null,"available_keys":["Name","Empcode","PunchDate","M_Flag"]} 
[2026-01-08 16:10:15] local.INFO: Created attendance record {"student_name":"Manthana Saikiran","employee_code":"2008","date":"2026-01-08","punch_time":"16:08:00","status":"present","late_minutes":-368.0} 
[2026-01-08 16:10:15] local.INFO: Processing record 12 {"empcode":"2081","name":"Sonna Ashwin","punch_date":"08/01/2026 16:08:00","manual_flag":null,"available_keys":["Name","Empcode","PunchDate","M_Flag"]} 
[2026-01-08 16:10:15] local.INFO: Created attendance record {"student_name":"Sonna Ashwin","employee_code":"2081","date":"2026-01-08","punch_time":"16:08:00","status":"present","late_minutes":-368.0} 
[2026-01-08 16:10:15] local.INFO: Processing record 13 {"empcode":"2031","name":"Junjuru vinodkumar","punch_date":"08/01/2026 16:08:00","manual_flag":null,"available_keys":["Name","Empcode","PunchDate","M_Flag"]} 
[2026-01-08 16:10:15] local.INFO: Created attendance record {"student_name":"Junjuru vinodkumar","employee_code":"2031","date":"2026-01-08","punch_time":"16:08:00","status":"present","late_minutes":-368.0} 
[2026-01-08 16:10:15] local.INFO: Processing record 14 {"empcode":"3005","name":"Gongati Nanda kishor","punch_date":"08/01/2026 16:08:00","manual_flag":null,"available_keys":["Name","Empcode","PunchDate","M_Flag"]} 
[2026-01-08 16:10:15] local.INFO: Created attendance record {"student_name":"Gongati Nanda kishor","employee_code":"3005","date":"2026-01-08","punch_time":"16:08:00","status":"present","late_minutes":-368.0} 
[2026-01-08 16:10:15] local.INFO: Processing record 15 {"empcode":"2101","name":"Allem Vishal","punch_date":"08/01/2026 16:07:00","manual_flag":null,"available_keys":["Name","Empcode","PunchDate","M_Flag"]} 
[2026-01-08 16:10:15] local.INFO: Created attendance record {"student_name":"Allem Vishal","employee_code":"2101","date":"2026-01-08","punch_time":"16:07:00","status":"present","late_minutes":-367.0} 
[2026-01-08 16:10:15] local.INFO: Processing record 16 {"empcode":"2127","name":"Gopari Saikumar","punch_date":"08/01/2026 16:07:00","manual_flag":null,"available_keys":["Name","Empcode","PunchDate","M_Flag"]} 
[2026-01-08 16:10:15] local.INFO: Created attendance record {"student_name":"Gopari Saikumar","employee_code":"2127","date":"2026-01-08","punch_time":"16:07:00","status":"present","late_minutes":-367.0} 
[2026-01-08 16:10:15] local.INFO: Processing record 17 {"empcode":"2107","name":"Mohammad.Akief","punch_date":"08/01/2026 16:07:00","manual_flag":null,"available_keys":["Name","Empcode","PunchDate","M_Flag"]} 
[2026-01-08 16:10:15] local.INFO: Created attendance record {"student_name":"Mohammad.Akief","employee_code":"2107","date":"2026-01-08","punch_time":"16:07:00","status":"present","late_minutes":-367.0} 
[2026-01-08 16:10:15] local.INFO: Processing record 18 {"empcode":"1069","name":"Koka Karthik","punch_date":"08/01/2026 16:06:00","manual_flag":null,"available_keys":["Name","Empcode","PunchDate","M_Flag"]} 
[2026-01-08 16:10:15] local.INFO: Created attendance record {"student_name":"Koka Karthik","employee_code":"1069","date":"2026-01-08","punch_time":"16:06:00","status":"present","late_minutes":-366.0} 
[2026-01-08 16:10:15] local.INFO: Processing record 19 {"empcode":"2118","name":"Nanchari Santhosh","punch_date":"08/01/2026 16:05:00","manual_flag":null,"available_keys":["Name","Empcode","PunchDate","M_Flag"]} 
[2026-01-08 16:10:15] local.INFO: Created attendance record {"student_name":"Nanchari Santhosh","employee_code":"2118","date":"2026-01-08","punch_time":"16:05:00","status":"present","late_minutes":-365.0} 
[2026-01-08 16:10:15] local.INFO: Processing record 20 {"empcode":"2063","name":"Marampally Prashanth","punch_date":"08/01/2026 16:05:00","manual_flag":null,"available_keys":["Name","Empcode","PunchDate","M_Flag"]} 
[2026-01-08 16:10:15] local.INFO: Created attendance record {"student_name":"Marampally Prashanth","employee_code":"2063","date":"2026-01-08","punch_time":"16:05:00","status":"present","late_minutes":-365.0} 
[2026-01-08 16:10:15] local.INFO: Processing record 21 {"empcode":"2062","name":"Velmal Maheshwar","punch_date":"08/01/2026 16:04:00","manual_flag":null,"available_keys":["Name","Empcode","PunchDate","M_Flag"]} 
[2026-01-08 16:10:15] local.INFO: Created attendance record {"student_name":"Velmal Maheshwar","employee_code":"2062","date":"2026-01-08","punch_time":"16:04:00","status":"present","late_minutes":-364.0} 
[2026-01-08 16:10:15] local.INFO: Processing record 22 {"empcode":"2024","name":"Bendu Arun","punch_date":"08/01/2026 16:04:00","manual_flag":null,"available_keys":["Name","Empcode","PunchDate","M_Flag"]} 
[2026-01-08 16:10:15] local.INFO: Created attendance record {"student_name":"Bendu Arun","employee_code":"2024","date":"2026-01-08","punch_time":"16:04:00","status":"present","late_minutes":-364.0} 
[2026-01-08 16:10:15] local.INFO: Processing record 23 {"empcode":"2095","name":"Neeradi Sumanth","punch_date":"08/01/2026 16:03:00","manual_flag":null,"available_keys":["Name","Empcode","PunchDate","M_Flag"]} 
[2026-01-08 16:10:15] local.INFO: Created attendance record {"student_name":"Neeradi Sumanth","employee_code":"2095","date":"2026-01-08","punch_time":"16:03:00","status":"present","late_minutes":-363.0} 
[2026-01-08 16:10:15] local.INFO: Processing record 24 {"empcode":"2037","name":"Tammala Ashish","punch_date":"08/01/2026 16:03:00","manual_flag":null,"available_keys":["Name","Empcode","PunchDate","M_Flag"]} 
[2026-01-08 16:10:15] local.INFO: Created attendance record {"student_name":"Tammala Ashish","employee_code":"2037","date":"2026-01-08","punch_time":"16:03:00","status":"present","late_minutes":-363.0} 
[2026-01-08 16:10:15] local.INFO: Processing record 25 {"empcode":"4003","name":"Ambati Nikhil","punch_date":"08/01/2026 16:03:00","manual_flag":null,"available_keys":["Name","Empcode","PunchDate","M_Flag"]} 
[2026-01-08 16:10:15] local.INFO: Created attendance record {"student_name":"Ambati Nikhil","employee_code":"4003","date":"2026-01-08","punch_time":"16:03:00","status":"present","late_minutes":-363.0} 
[2026-01-08 16:10:15] local.INFO: Processing record 26 {"empcode":"3021","name":"Vanaparthi Rakesh","punch_date":"08/01/2026 16:03:00","manual_flag":null,"available_keys":["Name","Empcode","PunchDate","M_Flag"]} 
[2026-01-08 16:10:15] local.INFO: Created attendance record {"student_name":"Vanaparthi Rakesh","employee_code":"3021","date":"2026-01-08","punch_time":"16:03:00","status":"present","late_minutes":-363.0} 
[2026-01-08 16:10:15] local.INFO: Processing record 27 {"empcode":"3029","name":"Mood Veerendhar","punch_date":"08/01/2026 16:03:00","manual_flag":null,"available_keys":["Name","Empcode","PunchDate","M_Flag"]} 
[2026-01-08 16:10:15] local.INFO: Created attendance record {"student_name":"Mood Veerendhar","employee_code":"3029","date":"2026-01-08","punch_time":"16:03:00","status":"present","late_minutes":-363.0} 
[2026-01-08 16:10:15] local.INFO: Processing record 28 {"empcode":"2068","name":"Kotturi Rishikesh","punch_date":"08/01/2026 16:03:00","manual_flag":null,"available_keys":["Name","Empcode","PunchDate","M_Flag"]} 
[2026-01-08 16:10:15] local.INFO: Created attendance record {"student_name":"Kotturi Rishikesh","employee_code":"2068","date":"2026-01-08","punch_time":"16:03:00","status":"present","late_minutes":-363.0} 
[2026-01-08 16:10:15] local.INFO: Processing record 29 {"empcode":"3031","name":"Koppu Manikanta","punch_date":"08/01/2026 16:02:00","manual_flag":null,"available_keys":["Name","Empcode","PunchDate","M_Flag"]} 
[2026-01-08 16:10:16] local.INFO: Created attendance record {"student_name":"Koppu Manikanta","employee_code":"3031","date":"2026-01-08","punch_time":"16:02:00","status":"present","late_minutes":-362.0} 
[2026-01-08 16:10:16] local.INFO: Processing record 30 {"empcode":"1069","name":"Koka Karthik","punch_date":"08/01/2026 16:02:00","manual_flag":null,"available_keys":["Name","Empcode","PunchDate","M_Flag"]} 
[2026-01-08 16:10:16] local.INFO: Updated attendance record {"student_name":"Koka Karthik","employee_code":"1069","date":"2026-01-08","punch_time":"16:02:00","status":"present"} 
[2026-01-08 16:10:16] local.INFO: Processing record 31 {"empcode":"2121","name":"Kundali Khristopher","punch_date":"08/01/2026 16:02:00","manual_flag":null,"available_keys":["Name","Empcode","PunchDate","M_Flag"]} 
[2026-01-08 16:10:16] local.INFO: Created attendance record {"student_name":"Kudali Khristopher","employee_code":"2121","date":"2026-01-08","punch_time":"16:02:00","status":"present","late_minutes":-362.0} 
[2026-01-08 16:10:16] local.INFO: Processing record 32 {"empcode":"3024","name":"Manthani Akshithreddy","punch_date":"08/01/2026 16:02:00","manual_flag":null,"available_keys":["Name","Empcode","PunchDate","M_Flag"]} 
[2026-01-08 16:10:16] local.INFO: Created attendance record {"student_name":"Manthani Akshithreddy","employee_code":"3024","date":"2026-01-08","punch_time":"16:02:00","status":"present","late_minutes":-362.0} 
[2026-01-08 16:10:16] local.INFO: Processing record 33 {"empcode":"2128","name":"Boddu Vishnuvardhan","punch_date":"08/01/2026 16:01:00","manual_flag":null,"available_keys":["Name","Empcode","PunchDate","M_Flag"]} 
[2026-01-08 16:10:16] local.INFO: Created attendance record {"student_name":"Boddu Vishnuvardhan","employee_code":"2128","date":"2026-01-08","punch_time":"16:01:00","status":"present","late_minutes":-361.0} 
[2026-01-08 16:10:16] local.INFO: Processing record 34 {"empcode":"2030","name":"Pulluri Eswar","punch_date":"08/01/2026 16:01:00","manual_flag":null,"available_keys":["Name","Empcode","PunchDate","M_Flag"]} 
[2026-01-08 16:10:16] local.INFO: Created attendance record {"student_name":"Pulluri Eswar","employee_code":"2030","date":"2026-01-08","punch_time":"16:01:00","status":"present","late_minutes":-361.0} 
[2026-01-08 16:10:16] local.INFO: Processing record 35 {"empcode":"2111","name":"Tekurthi Nithish","punch_date":"08/01/2026 16:01:00","manual_flag":null,"available_keys":["Name","Empcode","PunchDate","M_Flag"]} 
[2026-01-08 16:10:16] local.INFO: Created attendance record {"student_name":"Tekurthi Nithish","employee_code":"2111","date":"2026-01-08","punch_time":"16:01:00","status":"present","late_minutes":-361.0} 
[2026-01-08 16:10:16] local.INFO: Processing record 36 {"empcode":"2117","name":"Thammiseti Ajay","punch_date":"08/01/2026 16:01:00","manual_flag":null,"available_keys":["Name","Empcode","PunchDate","M_Flag"]} 
[2026-01-08 16:10:16] local.INFO: Created attendance record {"student_name":"Thammiseti Ajay","employee_code":"2117","date":"2026-01-08","punch_time":"16:01:00","status":"present","late_minutes":-361.0} 
[2026-01-08 16:10:16] local.INFO: Processing record 37 {"empcode":"4001","name":"Ravula Sharavan kumar","punch_date":"08/01/2026 16:00:00","manual_flag":null,"available_keys":["Name","Empcode","PunchDate","M_Flag"]} 
[2026-01-08 16:10:16] local.INFO: Created attendance record {"student_name":"Ravula Sharavan kumar","employee_code":"4001","date":"2026-01-08","punch_time":"16:00:00","status":"present","late_minutes":-360.0} 
[2026-01-08 16:10:16] local.INFO: Processing record 38 {"empcode":"2032","name":"Arigela Koushik Goud","punch_date":"08/01/2026 16:00:00","manual_flag":null,"available_keys":["Name","Empcode","PunchDate","M_Flag"]} 
[2026-01-08 16:10:16] local.INFO: Created attendance record {"student_name":"Arigela Koushik Goud","employee_code":"2032","date":"2026-01-08","punch_time":"16:00:00","status":"present","late_minutes":-360.0} 
[2026-01-08 16:10:16] local.INFO: Processing record 39 {"empcode":"2080","name":"Kankanala Ganesh","punch_date":"08/01/2026 16:00:00","manual_flag":null,"available_keys":["Name","Empcode","PunchDate","M_Flag"]} 
[2026-01-08 16:10:16] local.INFO: Created attendance record {"student_name":"Kankanala Ganesh","employee_code":"2080","date":"2026-01-08","punch_time":"16:00:00","status":"present","late_minutes":-360.0} 
[2026-01-08 16:10:16] local.INFO: Processing record 40 {"empcode":"2039","name":"Pothuganti Karthik","punch_date":"08/01/2026 16:00:00","manual_flag":null,"available_keys":["Name","Empcode","PunchDate","M_Flag"]} 
[2026-01-08 16:10:16] local.INFO: Created attendance record {"student_name":"Pothuganti Karthik","employee_code":"2039","date":"2026-01-08","punch_time":"16:00:00","status":"present","late_minutes":-360.0} 
[2026-01-08 16:10:16] local.INFO: Processing record 41 {"empcode":"2021","name":"Siddapuram Naveen kumar","punch_date":"08/01/2026 16:00:00","manual_flag":null,"available_keys":["Name","Empcode","PunchDate","M_Flag"]} 
[2026-01-08 16:10:16] local.INFO: Created attendance record {"student_name":"Siddapuram Naveen kumar","employee_code":"2021","date":"2026-01-08","punch_time":"16:00:00","status":"present","late_minutes":-360.0} 
[2026-01-08 16:10:16] local.INFO: Processing record 42 {"empcode":"2026","name":"Pulla Yashwanth","punch_date":"08/01/2026 16:00:00","manual_flag":null,"available_keys":["Name","Empcode","PunchDate","M_Flag"]} 
[2026-01-08 16:10:16] local.INFO: Created attendance record {"student_name":"Pulla Yashwanth","employee_code":"2026","date":"2026-01-08","punch_time":"16:00:00","status":"present","late_minutes":-360.0} 
[2026-01-08 16:10:16] local.INFO: Processing record 43 {"empcode":"2136","name":"Empname2136","punch_date":"08/01/2026 15:59:00","manual_flag":null,"available_keys":["Name","Empcode","PunchDate","M_Flag"]} 
[2026-01-08 16:10:16] local.INFO: Created attendance record {"student_name":"Bathini Vivek","employee_code":"2136","date":"2026-01-08","punch_time":"15:59:00","status":"present","late_minutes":-359.0} 
[2026-01-08 16:10:16] local.INFO: Processing record 44 {"empcode":"2017","name":"Bangi Dilip Kumar","punch_date":"08/01/2026 15:59:00","manual_flag":null,"available_keys":["Name","Empcode","PunchDate","M_Flag"]} 
[2026-01-08 16:10:16] local.INFO: Created attendance record {"student_name":"Bangi Dilip Kumar","employee_code":"2017","date":"2026-01-08","punch_time":"15:59:00","status":"present","late_minutes":-359.0} 
[2026-01-08 16:10:16] local.INFO: Processing record 45 {"empcode":"2035","name":"Tati Vikas Kumar","punch_date":"08/01/2026 15:59:00","manual_flag":null,"available_keys":["Name","Empcode","PunchDate","M_Flag"]} 
[2026-01-08 16:10:16] local.INFO: Created attendance record {"student_name":"Tati Vikas Kumar","employee_code":"2035","date":"2026-01-08","punch_time":"15:59:00","status":"present","late_minutes":-359.0} 
[2026-01-08 16:10:16] local.INFO: Processing record 46 {"empcode":"2078","name":"Bitla Rohith","punch_date":"08/01/2026 15:59:00","manual_flag":null,"available_keys":["Name","Empcode","PunchDate","M_Flag"]} 
[2026-01-08 16:10:16] local.INFO: Created attendance record {"student_name":"Bitla Rohith","employee_code":"2078","date":"2026-01-08","punch_time":"15:59:00","status":"present","late_minutes":-359.0} 
[2026-01-08 16:10:16] local.INFO: Processing record 47 {"empcode":"3018","name":"Arigela Sathwik","punch_date":"08/01/2026 15:59:00","manual_flag":null,"available_keys":["Name","Empcode","PunchDate","M_Flag"]} 
[2026-01-08 16:10:16] local.INFO: Created attendance record {"student_name":"Arigela Sathwik","employee_code":"3018","date":"2026-01-08","punch_time":"15:59:00","status":"present","late_minutes":-359.0} 
[2026-01-08 16:10:16] local.INFO: Processing record 48 {"empcode":"2070","name":"Parvathi Manikanth Goud","punch_date":"08/01/2026 15:59:00","manual_flag":null,"available_keys":["Name","Empcode","PunchDate","M_Flag"]} 
[2026-01-08 16:10:16] local.INFO: Created attendance record {"student_name":"Parvathi Manikanta Goud","employee_code":"2070","date":"2026-01-08","punch_time":"15:59:00","status":"present","late_minutes":-359.0} 
[2026-01-08 16:10:16] local.INFO: Processing record 49 {"empcode":"2034","name":"Sankroj Bharath","punch_date":"08/01/2026 15:59:00","manual_flag":null,"available_keys":["Name","Empcode","PunchDate","M_Flag"]} 
[2026-01-08 16:10:16] local.INFO: Created attendance record {"student_name":"Sankroj Bharath","employee_code":"2034","date":"2026-01-08","punch_time":"15:59:00","status":"present","late_minutes":-359.0} 
[2026-01-08 16:10:16] local.INFO: Processing record 50 {"empcode":"2103","name":"Gadila Ramcharan","punch_date":"08/01/2026 15:58:00","manual_flag":null,"available_keys":["Name","Empcode","PunchDate","M_Flag"]} 
[2026-01-08 16:10:16] local.INFO: Created attendance record {"student_name":"Gadila Ramcharan","employee_code":"2103","date":"2026-01-08","punch_time":"15:58:00","status":"present","late_minutes":-358.0} 
[2026-01-08 16:10:16] local.INFO: Processing record 51 {"empcode":"25132","name":"Thoparam Sai kumar","punch_date":"08/01/2026 15:58:00","manual_flag":null,"available_keys":["Name","Empcode","PunchDate","M_Flag"]} 
[2026-01-08 16:10:16] local.INFO: Created attendance record {"student_name":"Thoparam Sai kumar","employee_code":"25132","date":"2026-01-08","punch_time":"15:58:00","status":"present","late_minutes":-358.0} 
[2026-01-08 16:10:16] local.INFO: Processing record 52 {"empcode":"2119","name":"Abdul Imran","punch_date":"08/01/2026 15:58:00","manual_flag":null,"available_keys":["Name","Empcode","PunchDate","M_Flag"]} 
[2026-01-08 16:10:16] local.INFO: Created attendance record {"student_name":"Abdul Imran","employee_code":"2119","date":"2026-01-08","punch_time":"15:58:00","status":"present","late_minutes":-358.0} 
[2026-01-08 16:10:16] local.INFO: Processing record 53 {"empcode":"2075","name":"Komanpally Goutham","punch_date":"08/01/2026 15:58:00","manual_flag":null,"available_keys":["Name","Empcode","PunchDate","M_Flag"]} 
[2026-01-08 16:10:16] local.INFO: Created attendance record {"student_name":"Komanpally Goutham","employee_code":"2075","date":"2026-01-08","punch_time":"15:58:00","status":"present","late_minutes":-358.0} 
[2026-01-08 16:10:16] local.INFO: Processing record 54 {"empcode":"2094","name":"Dyagari Aravind reddy","punch_date":"08/01/2026 15:58:00","manual_flag":null,"available_keys":["Name","Empcode","PunchDate","M_Flag"]} 
[2026-01-08 16:10:16] local.INFO: Created attendance record {"student_name":"Dyagari Aravind reddy","employee_code":"2094","date":"2026-01-08","punch_time":"15:58:00","status":"present","late_minutes":-358.0} 
[2026-01-08 16:10:16] local.INFO: Processing record 55 {"empcode":"2129","name":"Munthamalla Abhilash","punch_date":"08/01/2026 15:58:00","manual_flag":null,"available_keys":["Name","Empcode","PunchDate","M_Flag"]} 
[2026-01-08 16:10:16] local.INFO: Created attendance record {"student_name":"Munthamalla Abhilash","employee_code":"2129","date":"2026-01-08","punch_time":"15:58:00","status":"present","late_minutes":-358.0} 
[2026-01-08 16:10:16] local.INFO: Processing record 56 {"empcode":"2007","name":"Jangam Vignesh","punch_date":"08/01/2026 15:58:00","manual_flag":null,"available_keys":["Name","Empcode","PunchDate","M_Flag"]} 
[2026-01-08 16:10:16] local.INFO: Created attendance record {"student_name":"Jangam Vignesh","employee_code":"2007","date":"2026-01-08","punch_time":"15:58:00","status":"present","late_minutes":-358.0} 
[2026-01-08 16:10:16] local.INFO: Processing record 57 {"empcode":"2093","name":"Baikan Rithvik","punch_date":"08/01/2026 15:57:00","manual_flag":null,"available_keys":["Name","Empcode","PunchDate","M_Flag"]} 
[2026-01-08 16:10:16] local.INFO: Created attendance record {"student_name":"Baikan Rithvik","employee_code":"2093","date":"2026-01-08","punch_time":"15:57:00","status":"present","late_minutes":-357.0} 
[2026-01-08 16:10:16] local.INFO: Processing record 58 {"empcode":"2005","name":"Badawath Aravind","punch_date":"08/01/2026 15:57:00","manual_flag":null,"available_keys":["Name","Empcode","PunchDate","M_Flag"]} 
[2026-01-08 16:10:16] local.INFO: Created attendance record {"student_name":"Badavath Aravind","employee_code":"2005","date":"2026-01-08","punch_time":"15:57:00","status":"present","late_minutes":-357.0} 
[2026-01-08 16:10:16] local.INFO: Processing record 59 {"empcode":"2127","name":"Gopari Saikumar","punch_date":"08/01/2026 15:57:00","manual_flag":null,"available_keys":["Name","Empcode","PunchDate","M_Flag"]} 
[2026-01-08 16:10:16] local.INFO: Updated attendance record {"student_name":"Gopari Saikumar","employee_code":"2127","date":"2026-01-08","punch_time":"15:57:00","status":"present"} 
[2026-01-08 16:10:16] local.INFO: Processing record 60 {"empcode":"2072","name":"Kothupalli Akash","punch_date":"08/01/2026 15:56:00","manual_flag":null,"available_keys":["Name","Empcode","PunchDate","M_Flag"]} 
[2026-01-08 16:10:16] local.INFO: Created attendance record {"student_name":"Kothupalli Akash","employee_code":"2072","date":"2026-01-08","punch_time":"15:56:00","status":"present","late_minutes":-356.0} 
[2026-01-08 16:10:16] local.INFO: Processing record 61 {"empcode":"2059","name":"Vennela Anirudh reddy","punch_date":"08/01/2026 15:56:00","manual_flag":null,"available_keys":["Name","Empcode","PunchDate","M_Flag"]} 
[2026-01-08 16:10:16] local.INFO: Created attendance record {"student_name":"Vennela Anirudh reddy","employee_code":"2059","date":"2026-01-08","punch_time":"15:56:00","status":"present","late_minutes":-356.0} 
[2026-01-08 16:10:16] local.INFO: Processing record 62 {"empcode":"3025","name":"Boidi Saiharsha","punch_date":"08/01/2026 15:51:00","manual_flag":null,"available_keys":["Name","Empcode","PunchDate","M_Flag"]} 
[2026-01-08 16:10:16] local.INFO: Created attendance record {"student_name":"Boidi Saiharsha","employee_code":"3025","date":"2026-01-08","punch_time":"15:51:00","status":"present","late_minutes":-351.0} 
[2026-01-08 16:10:16] local.INFO: Processing record 63 {"empcode":"2047","name":"Syed Aman","punch_date":"08/01/2026 15:50:00","manual_flag":null,"available_keys":["Name","Empcode","PunchDate","M_Flag"]} 
[2026-01-08 16:10:16] local.INFO: Created attendance record {"student_name":"Syed Aman","employee_code":"2047","date":"2026-01-08","punch_time":"15:50:00","status":"present","late_minutes":-350.0} 
[2026-01-08 16:10:16] local.INFO: Processing record 64 {"empcode":"3003","name":"Sooram Vishal","punch_date":"08/01/2026 15:49:00","manual_flag":null,"available_keys":["Name","Empcode","PunchDate","M_Flag"]} 
[2026-01-08 16:10:16] local.INFO: Created attendance record {"student_name":"Sooram Vishal","employee_code":"3003","date":"2026-01-08","punch_time":"15:49:00","status":"present","late_minutes":-349.0} 
[2026-01-08 16:10:16] local.INFO: Processing record 65 {"empcode":"3021","name":"Vanaparthi Rakesh","punch_date":"08/01/2026 15:49:00","manual_flag":null,"available_keys":["Name","Empcode","PunchDate","M_Flag"]} 
[2026-01-08 16:10:16] local.INFO: Updated attendance record {"student_name":"Vanaparthi Rakesh","employee_code":"3021","date":"2026-01-08","punch_time":"15:49:00","status":"present"} 
[2026-01-08 16:10:16] local.INFO: Processing record 66 {"empcode":"3022","name":"Ashila Manoj","punch_date":"08/01/2026 15:49:00","manual_flag":null,"available_keys":["Name","Empcode","PunchDate","M_Flag"]} 
[2026-01-08 16:10:16] local.INFO: Created attendance record {"student_name":"Ashila Manoj","employee_code":"3022","date":"2026-01-08","punch_time":"15:49:00","status":"present","late_minutes":-349.0} 
[2026-01-08 16:10:16] local.INFO: Processing record 67 {"empcode":"3033","name":"Boidi Ramu","punch_date":"08/01/2026 15:49:00","manual_flag":null,"available_keys":["Name","Empcode","PunchDate","M_Flag"]} 
[2026-01-08 16:10:16] local.INFO: Created attendance record {"student_name":"Boidi Ramu","employee_code":"3033","date":"2026-01-08","punch_time":"15:49:00","status":"present","late_minutes":-349.0} 
[2026-01-08 16:10:16] local.INFO: Processing record 68 {"empcode":"2048","name":"Shaik Sajith","punch_date":"08/01/2026 15:49:00","manual_flag":null,"available_keys":["Name","Empcode","PunchDate","M_Flag"]} 
[2026-01-08 16:10:16] local.INFO: Created attendance record {"student_name":"Shaik Sajith","employee_code":"2048","date":"2026-01-08","punch_time":"15:49:00","status":"present","late_minutes":-349.0} 
[2026-01-08 16:10:16] local.INFO: Processing record 69 {"empcode":"3001","name":"Kurma Neeraj","punch_date":"08/01/2026 15:49:00","manual_flag":null,"available_keys":["Name","Empcode","PunchDate","M_Flag"]} 
[2026-01-08 16:10:16] local.INFO: Created attendance record {"student_name":"Kurma Neeraj","employee_code":"3001","date":"2026-01-08","punch_time":"15:49:00","status":"present","late_minutes":-349.0} 
[2026-01-08 16:10:16] local.INFO: Processing record 70 {"empcode":"3029","name":"Mood Veerendhar","punch_date":"08/01/2026 15:48:00","manual_flag":null,"available_keys":["Name","Empcode","PunchDate","M_Flag"]} 
[2026-01-08 16:10:16] local.INFO: Updated attendance record {"student_name":"Mood Veerendhar","employee_code":"3029","date":"2026-01-08","punch_time":"15:48:00","status":"present"} 
[2026-01-08 16:10:16] local.INFO: Processing record 71 {"empcode":"3023","name":"Gunje Srinivas","punch_date":"08/01/2026 15:48:00","manual_flag":null,"available_keys":["Name","Empcode","PunchDate","M_Flag"]} 
[2026-01-08 16:10:16] local.INFO: Created attendance record {"student_name":"Gunje Srinivas","employee_code":"3023","date":"2026-01-08","punch_time":"15:48:00","status":"present","late_minutes":-348.0} 
[2026-01-09 18:16:36] local.INFO: Auto-sync completed {"range":"today","test_mode":false,"result":{"success":false,"message":"ETimeOffice API credentials are incomplete","data":{"total_records":0,"processed_records":0,"created_records":0,"updated_records":0,"skipped_records":0,"errors":["API credentials not configured"]}}} 
[2026-01-09 18:18:47] local.INFO: Fetching data from ETimeOffice API {"from_date":"09/01/2026_00:00","to_date":"09/01/2026_23:59","api_url":"http://test-api.com"} 
[2026-01-09 18:18:47] local.INFO: Raw ETimeOffice API Response {"response_body":"[]","content_type":"application/json","response_size":2} 
[2026-01-09 18:18:47] local.INFO: ETimeOffice API Response Analysis {"raw_response_type":"array","is_array":true,"api_data_keys":[],"punch_data_type":"array","punch_data_count":0,"punch_data_is_empty":true,"first_record_exists":false,"first_record_sample":null,"first_record_keys":"no_keys"} 
