Starting ETimeOffice Auto-Sync (every 5 minutes)
Date Range: today
Test Mode: OFF
Sync completed successfully:
- Total Records: 0
- Created: 0
- Updated: 0
- Skipped: 0
Starting ETimeOffice Auto-Sync (every 5 minutes)
Date Range: today
Test Mode: OFF
Sync completed successfully:
- Total Records: 0
- Created: 0
- Updated: 0
- Skipped: 0
PHP Deprecated:  Constant PDO::MYSQL_ATTR_SSL_CA is deprecated since 8.5, use Pdo\Mysql::ATTR_SSL_CA instead in /Users/naveenadicharla/Documents/test/prodc-uvchm/vendor/laravel/framework/config/database.php on line 61

Deprecated: Constant PDO::MYSQL_ATTR_SSL_CA is deprecated since 8.5, use Pdo\Mysql::ATTR_SSL_CA instead in /Users/naveenadicharla/Documents/test/prodc-uvchm/vendor/laravel/framework/config/database.php on line 61
PHP Deprecated:  Constant PDO::MYSQL_ATTR_SSL_CA is deprecated since 8.5, use Pdo\Mysql::ATTR_SSL_CA instead in /Users/naveenadicharla/Documents/test/prodc-uvchm/vendor/laravel/framework/config/database.php on line 81

Deprecated: Constant PDO::MYSQL_ATTR_SSL_CA is deprecated since 8.5, use Pdo\Mysql::ATTR_SSL_CA instead in /Users/naveenadicharla/Documents/test/prodc-uvchm/vendor/laravel/framework/config/database.php on line 81
Starting ETimeOffice Auto-Sync (every 5 minutes)
Date Range: today
Test Mode: OFF
Sync completed successfully:
- Total Records: 0
- Created: 0
- Updated: 0
- Skipped: 0
PHP Deprecated:  Constant PDO::MYSQL_ATTR_SSL_CA is deprecated since 8.5, use Pdo\Mysql::ATTR_SSL_CA instead in /Users/naveenadicharla/Documents/test/prodc-uvchm/vendor/laravel/framework/config/database.php on line 61

Deprecated: Constant PDO::MYSQL_ATTR_SSL_CA is deprecated since 8.5, use Pdo\Mysql::ATTR_SSL_CA instead in /Users/naveenadicharla/Documents/test/prodc-uvchm/vendor/laravel/framework/config/database.php on line 61
PHP Deprecated:  Constant PDO::MYSQL_ATTR_SSL_CA is deprecated since 8.5, use Pdo\Mysql::ATTR_SSL_CA instead in /Users/naveenadicharla/Documents/test/prodc-uvchm/vendor/laravel/framework/config/database.php on line 81

Deprecated: Constant PDO::MYSQL_ATTR_SSL_CA is deprecated since 8.5, use Pdo\Mysql::ATTR_SSL_CA instead in /Users/naveenadicharla/Documents/test/prodc-uvchm/vendor/laravel/framework/config/database.php on line 81
Starting ETimeOffice Auto-Sync (every 5 minutes)
Date Range: today
Test Mode: OFF
Sync completed successfully:
- Total Records: 0
- Created: 0
- Updated: 0
- Skipped: 0
