[2025-12-20 08:27:29] local.ERROR: TEST LOG ENTRY  
[2025-12-20 08:28:49] local.ERROR: Enquiry Show Access Check [DEBUG] {"user_id":49,"roles":["admin"],"is_admin":"YES","enquiry_id":12,"assigned_to":50} 
[2025-12-20 08:28:49] local.ERROR: Enquiry Show Access Check [DEBUG] {"user_id":51,"roles":["college-admin"],"is_admin":"NO","enquiry_id":12,"assigned_to":50} 
[2025-12-20 08:28:49] local.ERROR: Enquiry Show Access DENIED [DEBUG] {"user":51,"enquiry":12} 
[2025-12-20 08:29:30] local.ERROR: Enquiry Show Access Check [DEBUG] {"user_id":49,"roles":["admin"],"is_admin":"YES","enquiry_id":13,"assigned_to":50} 
[2025-12-20 08:29:30] local.ERROR: Enquiry Show Access Check [DEBUG] {"user_id":51,"roles":["college-admin"],"is_admin":"NO","enquiry_id":13,"assigned_to":50} 
[2025-12-20 08:29:30] local.ERROR: Enquiry Show Access DENIED [DEBUG] {"user":51,"enquiry":13} 
[2025-12-24 15:24:16] local.ERROR: Call to undefined method App\Models\Student::withTrashed() {"exception":"[object] (BadMethodCallException(code: 0): Call to undefined method App\\Models\\Student::withTrashed() at /Users/naveenadicharla/Documents/test/prodc-uvchm/vendor/laravel/framework/src/Illuminate/Support/Traits/ForwardsCalls.php:67)
[stacktrace]
#0 /Users/naveenadicharla/Documents/test/prodc-uvchm/vendor/laravel/framework/src/Illuminate/Support/Traits/ForwardsCalls.php(36): Illuminate\\Database\\Eloquent\\Model::throwBadMethodCallException('withTrashed')
#1 /Users/naveenadicharla/Documents/test/prodc-uvchm/vendor/laravel/framework/src/Illuminate/Database/Eloquent/Model.php(2372): Illuminate\\Database\\Eloquent\\Model->forwardCallTo(Object(Illuminate\\Database\\Eloquent\\Builder), 'withTrashed', Array)
#2 /Users/naveenadicharla/Documents/test/prodc-uvchm/vendor/laravel/framework/src/Illuminate/Database/Eloquent/Model.php(2384): Illuminate\\Database\\Eloquent\\Model->__call('withTrashed', Array)
#3 /Users/naveenadicharla/Documents/test/prodc-uvchm/debug_compare_students.php(15): Illuminate\\Database\\Eloquent\\Model::__callStatic('withTrashed', Array)
#4 {main}
"} 
[2025-12-24 16:31:01] local.ERROR: Command "test" is not defined.

Did you mean one of these?
    backup:test-now
    make:test
    schedule:test
    system:final-test
    webhook:test-payload {"exception":"[object] (Symfony\\Component\\Console\\Exception\\CommandNotFoundException(code: 0): Command \"test\" is not defined.

Did you mean one of these?
    backup:test-now
    make:test
    schedule:test
    system:final-test
    webhook:test-payload at /Users/naveenadicharla/Documents/test/prodc-uvchm/vendor/symfony/console/Application.php:725)
[stacktrace]
#0 /Users/naveenadicharla/Documents/test/prodc-uvchm/vendor/symfony/console/Application.php(283): Symfony\\Component\\Console\\Application->find('test')
#1 /Users/naveenadicharla/Documents/test/prodc-uvchm/vendor/symfony/console/Application.php(192): Symfony\\Component\\Console\\Application->doRun(Object(Symfony\\Component\\Console\\Input\\ArgvInput), Object(Symfony\\Component\\Console\\Output\\ConsoleOutput))
#2 /Users/naveenadicharla/Documents/test/prodc-uvchm/vendor/laravel/framework/src/Illuminate/Foundation/Console/Kernel.php(198): Symfony\\Component\\Console\\Application->run(Object(Symfony\\Component\\Console\\Input\\ArgvInput), Object(Symfony\\Component\\Console\\Output\\ConsoleOutput))
#3 /Users/naveenadicharla/Documents/test/prodc-uvchm/vendor/laravel/framework/src/Illuminate/Foundation/Application.php(1235): Illuminate\\Foundation\\Console\\Kernel->handle(Object(Symfony\\Component\\Console\\Input\\ArgvInput), Object(Symfony\\Component\\Console\\Output\\ConsoleOutput))
#4 /Users/naveenadicharla/Documents/test/prodc-uvchm/artisan(13): Illuminate\\Foundation\\Application->handleCommand(Object(Symfony\\Component\\Console\\Input\\ArgvInput))
#5 {main}
"} 
[2025-12-24 18:23:58] local.ERROR: The "--columns" option does not exist. {"exception":"[object] (Symfony\\Component\\Console\\Exception\\RuntimeException(code: 0): The \"--columns\" option does not exist. at /Users/naveenadicharla/Documents/test/prodc-uvchm/vendor/symfony/console/Input/ArgvInput.php:226)
[stacktrace]
#0 /Users/naveenadicharla/Documents/test/prodc-uvchm/vendor/symfony/console/Input/ArgvInput.php(153): Symfony\\Component\\Console\\Input\\ArgvInput->addLongOption('columns', 'name,uri,action')
#1 /Users/naveenadicharla/Documents/test/prodc-uvchm/vendor/symfony/console/Input/ArgvInput.php(88): Symfony\\Component\\Console\\Input\\ArgvInput->parseLongOption('--columns=name,...')
#2 /Users/naveenadicharla/Documents/test/prodc-uvchm/vendor/symfony/console/Input/ArgvInput.php(77): Symfony\\Component\\Console\\Input\\ArgvInput->parseToken('--columns=name,...', true)
#3 /Users/naveenadicharla/Documents/test/prodc-uvchm/vendor/symfony/console/Input/Input.php(53): Symfony\\Component\\Console\\Input\\ArgvInput->parse()
#4 /Users/naveenadicharla/Documents/test/prodc-uvchm/vendor/symfony/console/Command/Command.php(276): Symfony\\Component\\Console\\Input\\Input->bind(Object(Symfony\\Component\\Console\\Input\\InputDefinition))
#5 /Users/naveenadicharla/Documents/test/prodc-uvchm/vendor/laravel/framework/src/Illuminate/Console/Command.php(182): Symfony\\Component\\Console\\Command\\Command->run(Object(Symfony\\Component\\Console\\Input\\ArgvInput), Object(Illuminate\\Console\\OutputStyle))
#6 /Users/naveenadicharla/Documents/test/prodc-uvchm/vendor/symfony/console/Application.php(1092): Illuminate\\Console\\Command->run(Object(Symfony\\Component\\Console\\Input\\ArgvInput), Object(Symfony\\Component\\Console\\Output\\ConsoleOutput))
#7 /Users/naveenadicharla/Documents/test/prodc-uvchm/vendor/symfony/console/Application.php(341): Symfony\\Component\\Console\\Application->doRunCommand(Object(Illuminate\\Foundation\\Console\\RouteListCommand), Object(Symfony\\Component\\Console\\Input\\ArgvInput), Object(Symfony\\Component\\Console\\Output\\ConsoleOutput))
#8 /Users/naveenadicharla/Documents/test/prodc-uvchm/vendor/symfony/console/Application.php(192): Symfony\\Component\\Console\\Application->doRun(Object(Symfony\\Component\\Console\\Input\\ArgvInput), Object(Symfony\\Component\\Console\\Output\\ConsoleOutput))
#9 /Users/naveenadicharla/Documents/test/prodc-uvchm/vendor/laravel/framework/src/Illuminate/Foundation/Console/Kernel.php(198): Symfony\\Component\\Console\\Application->run(Object(Symfony\\Component\\Console\\Input\\ArgvInput), Object(Symfony\\Component\\Console\\Output\\ConsoleOutput))
#10 /Users/naveenadicharla/Documents/test/prodc-uvchm/vendor/laravel/framework/src/Illuminate/Foundation/Application.php(1235): Illuminate\\Foundation\\Console\\Kernel->handle(Object(Symfony\\Component\\Console\\Input\\ArgvInput), Object(Symfony\\Component\\Console\\Output\\ConsoleOutput))
#11 /Users/naveenadicharla/Documents/test/prodc-uvchm/artisan(13): Illuminate\\Foundation\\Application->handleCommand(Object(Symfony\\Component\\Console\\Input\\ArgvInput))
#12 {main}
"} 
